[35m[1mScanning dependencies of target tf2_msgs_generate_messages_cpp[0m
[35m[1mScanning dependencies of target std_msgs_generate_messages_cpp[0m
[35m[1mScanning dependencies of target nav_msgs_generate_messages_lisp[0m
[35m[1mScanning dependencies of target geometry_msgs_generate_messages_eus[0m
[35m[1mScanning dependencies of target rosgraph_msgs_generate_messages_nodejs[0m
[35m[1mScanning dependencies of target std_msgs_generate_messages_py[0m
[35m[1mScanning dependencies of target nav_msgs_generate_messages_py[0m
[35m[1mScanning dependencies of target actionlib_generate_messages_cpp[0m
[35m[1mScanning dependencies of target actionlib_msgs_generate_messages_py[0m
[35m[1mScanning dependencies of target roscpp_generate_messages_eus[0m
[35m[1mScanning dependencies of target roscpp_generate_messages_lisp[0m
[35m[1mScanning dependencies of target tf2_msgs_generate_messages_nodejs[0m
[35m[1mScanning dependencies of target tf2_msgs_generate_messages_eus[0m
[35m[1mScanning dependencies of target actionlib_generate_messages_lisp[0m
[35m[1mScanning dependencies of target std_srvs_generate_messages_cpp[0m
[35m[1mScanning dependencies of target std_msgs_generate_messages_lisp[0m
[  0%] Built target std_msgs_generate_messages_cpp
[  0%] Built target tf2_msgs_generate_messages_cpp
[  0%] Built target geometry_msgs_generate_messages_eus
[  0%] Built target nav_msgs_generate_messages_lisp
[  0%] Built target rosgraph_msgs_generate_messages_nodejs
[  0%] Built target std_msgs_generate_messages_py
[  0%] Built target actionlib_generate_messages_cpp
[  0%] Built target actionlib_msgs_generate_messages_py
[  0%] Built target nav_msgs_generate_messages_py
[  0%] Built target actionlib_generate_messages_lisp
[  0%] Built target tf2_msgs_generate_messages_eus
[  0%] Built target roscpp_generate_messages_eus
[  0%] Built target roscpp_generate_messages_lisp
[  0%] Built target std_msgs_generate_messages_lisp
[  0%] Built target tf2_msgs_generate_messages_nodejs
[  0%] Built target std_srvs_generate_messages_cpp
[35m[1mScanning dependencies of target std_srvs_generate_messages_nodejs[0m
[35m[1mScanning dependencies of target nav_msgs_generate_messages_nodejs[0m
[35m[1mScanning dependencies of target rosgraph_msgs_generate_messages_py[0m
[35m[1mScanning dependencies of target actionlib_msgs_generate_messages_eus[0m
[35m[1mScanning dependencies of target roscpp_generate_messages_py[0m
[35m[1mScanning dependencies of target geometry_msgs_generate_messages_py[0m
[35m[1mScanning dependencies of target rosgraph_msgs_generate_messages_lisp[0m
[35m[1mScanning dependencies of target tf2_msgs_generate_messages_lisp[0m
[35m[1mScanning dependencies of target snapstack_msgs_generate_messages_lisp[0m
[35m[1mScanning dependencies of target geometry_msgs_generate_messages_nodejs[0m
[35m[1mScanning dependencies of target roscpp_generate_messages_cpp[0m
[35m[1mScanning dependencies of target geometry_msgs_generate_messages_cpp[0m
[35m[1mScanning dependencies of target tf2_msgs_generate_messages_py[0m
[35m[1mScanning dependencies of target visualization_msgs_generate_messages_lisp[0m
[35m[1mScanning dependencies of target geometry_msgs_generate_messages_lisp[0m
[35m[1mScanning dependencies of target snapstack_msgs_generate_messages_nodejs[0m
[  0%] Built target nav_msgs_generate_messages_nodejs
[  0%] Built target rosgraph_msgs_generate_messages_py
[  0%] Built target std_srvs_generate_messages_nodejs
[  0%] Built target actionlib_msgs_generate_messages_eus
[  0%] Built target roscpp_generate_messages_py
[  0%] Built target rosgraph_msgs_generate_messages_lisp
[  0%] Built target roscpp_generate_messages_cpp
[  0%] Built target tf2_msgs_generate_messages_lisp
[  0%] Built target geometry_msgs_generate_messages_nodejs
[  0%] Built target geometry_msgs_generate_messages_cpp
[  0%] Built target snapstack_msgs_generate_messages_lisp
[  0%] Built target tf2_msgs_generate_messages_py
[  0%] Built target geometry_msgs_generate_messages_py
[  0%] Built target visualization_msgs_generate_messages_lisp
[  0%] Built target snapstack_msgs_generate_messages_nodejs
[  0%] Built target geometry_msgs_generate_messages_lisp
[35m[1mScanning dependencies of target rosgraph_msgs_generate_messages_cpp[0m
[35m[1mScanning dependencies of target snapstack_msgs_generate_messages_cpp[0m
[35m[1mScanning dependencies of target rosgraph_msgs_generate_messages_eus[0m
[35m[1mScanning dependencies of target std_srvs_generate_messages_py[0m
[35m[1mScanning dependencies of target std_msgs_generate_messages_nodejs[0m
[35m[1mScanning dependencies of target roscpp_generate_messages_nodejs[0m
[35m[1mScanning dependencies of target visualization_msgs_generate_messages_cpp[0m
[35m[1mScanning dependencies of target visualization_msgs_generate_messages_eus[0m
[35m[1mScanning dependencies of target nav_msgs_generate_messages_cpp[0m
[35m[1mScanning dependencies of target actionlib_msgs_generate_messages_cpp[0m
[35m[1mScanning dependencies of target actionlib_generate_messages_eus[0m
[35m[1mScanning dependencies of target nav_msgs_generate_messages_eus[0m
[35m[1mScanning dependencies of target actionlib_msgs_generate_messages_lisp[0m
[35m[1mScanning dependencies of target actionlib_msgs_generate_messages_nodejs[0m
[35m[1mScanning dependencies of target actionlib_generate_messages_py[0m
[35m[1mScanning dependencies of target std_msgs_generate_messages_eus[0m
[  0%] Built target rosgraph_msgs_generate_messages_cpp
[  0%] Built target snapstack_msgs_generate_messages_cpp
[  0%] Built target std_srvs_generate_messages_py
[  0%] Built target std_msgs_generate_messages_nodejs
[  0%] Built target actionlib_generate_messages_eus
[  0%] Built target visualization_msgs_generate_messages_eus
[  0%] Built target roscpp_generate_messages_nodejs
[  0%] Built target actionlib_msgs_generate_messages_cpp
[  0%] Built target rosgraph_msgs_generate_messages_eus
[  0%] Built target nav_msgs_generate_messages_cpp
[  0%] Built target visualization_msgs_generate_messages_cpp
[  0%] Built target nav_msgs_generate_messages_eus
[  0%] Built target actionlib_msgs_generate_messages_lisp
[  0%] Built target actionlib_msgs_generate_messages_nodejs
[  0%] Built target actionlib_generate_messages_py
[35m[1mScanning dependencies of target visualization_msgs_generate_messages_py[0m
[35m[1mScanning dependencies of target std_srvs_generate_messages_lisp[0m
[35m[1mScanning dependencies of target visualization_msgs_generate_messages_nodejs[0m
[  0%] Built target std_msgs_generate_messages_eus
[35m[1mScanning dependencies of target snap_ipc[0m
[35m[1mScanning dependencies of target std_srvs_generate_messages_eus[0m
[35m[1mScanning dependencies of target actionlib_generate_messages_nodejs[0m
[35m[1mScanning dependencies of target snapstack_msgs_generate_messages_eus[0m
[35m[1mScanning dependencies of target snapstack_msgs_generate_messages_py[0m
[  0%] Built target visualization_msgs_generate_messages_py
[  0%] Built target std_srvs_generate_messages_lisp
[  0%] Built target visualization_msgs_generate_messages_nodejs
[ 11%] [32mBuilding CXX object CMakeFiles/snap_ipc.dir/src/shims/snap_ipc/client.cpp.o[0m
[ 22%] [32mBuilding CXX object CMakeFiles/snap_ipc.dir/src/shims/snap_ipc/imu.cpp.o[0m
[ 22%] Built target std_srvs_generate_messages_eus
[ 22%] Built target actionlib_generate_messages_nodejs
[ 22%] Built target snapstack_msgs_generate_messages_py
[ 22%] Built target snapstack_msgs_generate_messages_eus
[35m[1mScanning dependencies of target snap_sim_node[0m
[ 66%] [32mBuilding CXX object CMakeFiles/snap_sim_node.dir/src/multirotor.cpp.o[0m
[ 66%] [32mBuilding CXX object CMakeFiles/snap_sim_node.dir/src/rigid_body.cpp.o[0m
[ 66%] [32mBuilding CXX object CMakeFiles/snap_sim_node.dir/src/snap_sim_node.cpp.o[0m
[ 77%] [32mBuilding CXX object CMakeFiles/snap_sim_node.dir/src/snap_sim.cpp.o[0m
[ 77%] [32mBuilding CXX object CMakeFiles/snap_sim_node.dir/src/physics_engine.cpp.o[0m
[ 88%] [32m[1mLinking CXX shared library /home/raphaelpeabody/r/simulation_ws/devel/.private/snap_sim/lib/libsnap_ipc.so[0m
[ 88%] Built target snap_ipc
[100%] [32m[1mLinking CXX executable /home/raphaelpeabody/r/simulation_ws/devel/.private/snap_sim/lib/snap_sim/snap_sim[0m
[100%] Built target snap_sim_node
