[  0%] Built target actionlib_msgs_generate_messages_cpp
[  0%] Built target actionlib_msgs_generate_messages_nodejs
[  0%] Built target snapstack_msgs_generate_messages_eus
[  0%] Built target tf2_msgs_generate_messages_cpp
[  0%] Built target std_srvs_generate_messages_eus
[  0%] Built target std_srvs_generate_messages_lisp
[  0%] Built target snapstack_msgs_generate_messages_py
[  0%] Built target nav_msgs_generate_messages_cpp
[  0%] Built target actionlib_msgs_generate_messages_lisp
[  0%] Built target nav_msgs_generate_messages_lisp
[  0%] Built target rosgraph_msgs_generate_messages_cpp
[  0%] Built target rosgraph_msgs_generate_messages_eus
[  0%] Built target std_srvs_generate_messages_py
[ 40%] Built target outer_loop
[ 40%] Built target nav_msgs_generate_messages_eus
[ 40%] Built target snapstack_msgs_generate_messages_cpp
[ 40%] Built target snapstack_msgs_generate_messages_nodejs
[ 40%] Built target geometry_msgs_generate_messages_cpp
[ 40%] Built target snapstack_msgs_generate_messages_lisp
[ 40%] Built target tf2_msgs_generate_messages_lisp
[ 40%] Built target tf2_msgs_generate_messages_py
[ 40%] Built target std_msgs_generate_messages_eus
[ 40%] Built target roscpp_generate_messages_nodejs
[ 40%] Built target roscpp_generate_messages_cpp
[ 40%] Built target nav_msgs_generate_messages_py
[ 40%] Built target roscpp_generate_messages_py
[ 40%] Built target geometry_msgs_generate_messages_py
[ 40%] Built target geometry_msgs_generate_messages_nodejs
[ 40%] Built target rosgraph_msgs_generate_messages_py
[ 40%] Built target geometry_msgs_generate_messages_lisp
[ 40%] Built target std_srvs_generate_messages_nodejs
[ 40%] Built target nav_msgs_generate_messages_nodejs
[ 40%] Built target actionlib_msgs_generate_messages_eus
[ 40%] Built target actionlib_msgs_generate_messages_py
[ 40%] Built target roscpp_generate_messages_lisp
[ 40%] Built target tf2_msgs_generate_messages_nodejs
[ 40%] Built target std_msgs_generate_messages_lisp
[ 40%] Built target rosgraph_msgs_generate_messages_lisp
[ 40%] Built target std_msgs_generate_messages_py
[ 40%] Built target roscpp_generate_messages_eus
[ 40%] Built target rosgraph_msgs_generate_messages_nodejs
[ 40%] Built target tf2_msgs_generate_messages_eus
[ 40%] Built target std_msgs_generate_messages_nodejs
[ 40%] Built target geometry_msgs_generate_messages_eus
[ 40%] Built target std_srvs_generate_messages_cpp
[ 40%] Built target std_msgs_generate_messages_cpp
[ 60%] [32mBuilding CXX object CMakeFiles/outer_loop_node.dir/src/outer_loop_node.cpp.o[0m
[ 80%] [32mBuilding CXX object CMakeFiles/outer_loop_node.dir/src/outer_loop_ros.cpp.o[0m
[100%] [32m[1mLinking CXX executable /home/raphaelpeabody/r/simulation_ws/devel/.private/outer_loop/lib/outer_loop/outer_loop[0m
[100%] Built target outer_loop_node
