[35m[1mScanning dependencies of target geometry_msgs_generate_messages_eus[0m
[35m[1mScanning dependencies of target std_msgs_generate_messages_py[0m
[35m[1mScanning dependencies of target tf2_msgs_generate_messages_cpp[0m
[35m[1mScanning dependencies of target roscpp_generate_messages_lisp[0m
[35m[1mScanning dependencies of target std_msgs_generate_messages_cpp[0m
[35m[1mScanning dependencies of target actionlib_msgs_generate_messages_py[0m
[35m[1mScanning dependencies of target adaptnotch[0m
[35m[1mScanning dependencies of target roscpp_generate_messages_eus[0m
[35m[1mScanning dependencies of target actionlib_generate_messages_cpp[0m
[35m[1mScanning dependencies of target tf2_msgs_generate_messages_eus[0m
[35m[1mScanning dependencies of target actionlib_generate_messages_lisp[0m
[35m[1mScanning dependencies of target tf2_msgs_generate_messages_nodejs[0m
[35m[1mScanning dependencies of target std_srvs_generate_messages_nodejs[0m
[35m[1mScanning dependencies of target std_srvs_generate_messages_cpp[0m
[35m[1mScanning dependencies of target rosgraph_msgs_generate_messages_nodejs[0m
[35m[1mScanning dependencies of target std_msgs_generate_messages_lisp[0m
[  0%] Built target roscpp_generate_messages_lisp
[  0%] Built target roscpp_generate_messages_eus
[  0%] Built target tf2_msgs_generate_messages_cpp
[  0%] Built target actionlib_generate_messages_cpp
[  0%] Built target geometry_msgs_generate_messages_eus
[  0%] Built target tf2_msgs_generate_messages_nodejs
[  0%] Built target std_msgs_generate_messages_cpp
[  0%] Built target actionlib_msgs_generate_messages_py
[  0%] Built target std_srvs_generate_messages_cpp
[  0%] Built target actionlib_generate_messages_lisp
[  0%] Built target tf2_msgs_generate_messages_eus
[  0%] Built target std_msgs_generate_messages_py
[  0%] Built target std_srvs_generate_messages_nodejs
[  7%] Built target rosgraph_msgs_generate_messages_nodejs
[  7%] [32mBuilding CXX object adaptnotch-download/build/CMakeFiles/adaptnotch.dir/src/adaptnotch.cpp.o[0m
[35m[1mScanning dependencies of target actionlib_msgs_generate_messages_eus[0m
[35m[1mScanning dependencies of target rosgraph_msgs_generate_messages_lisp[0m
[35m[1mScanning dependencies of target nav_msgs_generate_messages_nodejs[0m
[35m[1mScanning dependencies of target rosgraph_msgs_generate_messages_py[0m
[35m[1mScanning dependencies of target roscpp_generate_messages_py[0m
[  7%] Built target std_msgs_generate_messages_lisp
[35m[1mScanning dependencies of target geometry_msgs_generate_messages_py[0m
[35m[1mScanning dependencies of target nav_msgs_generate_messages_py[0m
[35m[1mScanning dependencies of target snapstack_msgs_generate_messages_nodejs[0m
[35m[1mScanning dependencies of target tf2_msgs_generate_messages_lisp[0m
[35m[1mScanning dependencies of target snapstack_msgs_generate_messages_lisp[0m
[35m[1mScanning dependencies of target geometry_msgs_generate_messages_nodejs[0m
[35m[1mScanning dependencies of target tf2_msgs_generate_messages_py[0m
[  7%] Built target actionlib_msgs_generate_messages_eus
[35m[1mScanning dependencies of target geometry_msgs_generate_messages_cpp[0m
[  7%] Built target rosgraph_msgs_generate_messages_lisp
[35m[1mScanning dependencies of target geometry_msgs_generate_messages_lisp[0m
[  7%] Built target nav_msgs_generate_messages_nodejs
[  7%] Built target roscpp_generate_messages_py
[35m[1mScanning dependencies of target roscpp_generate_messages_nodejs[0m
[  7%] Built target geometry_msgs_generate_messages_py
[  7%] Built target rosgraph_msgs_generate_messages_py
[  7%] Built target tf2_msgs_generate_messages_lisp
[  7%] Built target snapstack_msgs_generate_messages_lisp
[  7%] Built target geometry_msgs_generate_messages_nodejs
[  7%] Built target snapstack_msgs_generate_messages_nodejs
[  7%] Built target tf2_msgs_generate_messages_py
[  7%] Built target nav_msgs_generate_messages_py
[35m[1mScanning dependencies of target rosgraph_msgs_generate_messages_eus[0m
[  7%] Built target geometry_msgs_generate_messages_lisp
[  7%] Built target geometry_msgs_generate_messages_cpp
[35m[1mScanning dependencies of target std_srvs_generate_messages_py[0m
[35m[1mScanning dependencies of target actionlib_msgs_generate_messages_cpp[0m
[35m[1mScanning dependencies of target nav_msgs_generate_messages_cpp[0m
[  7%] Built target roscpp_generate_messages_nodejs
[35m[1mScanning dependencies of target actionlib_generate_messages_eus[0m
[35m[1mScanning dependencies of target actionlib_msgs_generate_messages_lisp[0m
[35m[1mScanning dependencies of target std_msgs_generate_messages_eus[0m
[35m[1mScanning dependencies of target rosgraph_msgs_generate_messages_cpp[0m
[35m[1mScanning dependencies of target actionlib_msgs_generate_messages_nodejs[0m
[35m[1mScanning dependencies of target actionlib_generate_messages_py[0m
[35m[1mScanning dependencies of target nav_msgs_generate_messages_eus[0m
[35m[1mScanning dependencies of target roscpp_generate_messages_cpp[0m
[  7%] Built target rosgraph_msgs_generate_messages_eus
[35m[1mScanning dependencies of target std_srvs_generate_messages_eus[0m
[35m[1mScanning dependencies of target actionlib_generate_messages_nodejs[0m
[35m[1mScanning dependencies of target std_srvs_generate_messages_lisp[0m
[  7%] Built target std_srvs_generate_messages_py
[  7%] Built target nav_msgs_generate_messages_cpp
[  7%] Built target actionlib_msgs_generate_messages_cpp
[  7%] Built target actionlib_generate_messages_eus
[  7%] Built target rosgraph_msgs_generate_messages_cpp
[  7%] Built target actionlib_msgs_generate_messages_lisp
[  7%] Built target std_msgs_generate_messages_eus
[  7%] Built target actionlib_msgs_generate_messages_nodejs
[  7%] Built target actionlib_generate_messages_py
[35m[1mScanning dependencies of target snapstack_msgs_generate_messages_eus[0m
[  7%] Built target roscpp_generate_messages_cpp
[  7%] Built target std_srvs_generate_messages_eus
[  7%] Built target actionlib_generate_messages_nodejs
[35m[1mScanning dependencies of target nav_msgs_generate_messages_lisp[0m
[35m[1mScanning dependencies of target snapstack_msgs_generate_messages_cpp[0m
[  7%] Built target nav_msgs_generate_messages_eus
[35m[1mScanning dependencies of target std_msgs_generate_messages_nodejs[0m
[  7%] Built target std_srvs_generate_messages_lisp
[35m[1mScanning dependencies of target snapstack_msgs_generate_messages_py[0m
[  7%] Built target snapstack_msgs_generate_messages_eus
[  7%] Built target snapstack_msgs_generate_messages_cpp
[  7%] Built target nav_msgs_generate_messages_lisp
[  7%] Built target std_msgs_generate_messages_nodejs
[  7%] Built target snapstack_msgs_generate_messages_py
[35m[1mScanning dependencies of target esc_interface_node[0m
[ 15%] [32mBuilding CXX object CMakeFiles/esc_interface_node.dir/src/nodes/esc_interface_node.cpp.o[0m
[01m[K/home/raphaelpeabody/r/simulation_ws/src/snap/src/nodes/esc_interface_node.cpp:[m[K In member function ‘[01m[Kbool acl::snap::ESCInterfaceNode::arm()[m[K’:
[01m[K/home/raphaelpeabody/r/simulation_ws/src/snap/src/nodes/esc_interface_node.cpp:108:33:[m[K [01;35m[Kwarning: [m[Kno return statement in function returning non-void [[01;35m[K-Wreturn-type[m[K]
  108 |     bool arm() { srvcall(true); [01;35m[K}[m[K
      |                                 [01;35m[K^[m[K
[01m[K/home/raphaelpeabody/r/simulation_ws/src/snap/src/nodes/esc_interface_node.cpp:[m[K In member function ‘[01m[Kbool acl::snap::ESCInterfaceNode::disarm()[m[K’:
[01m[K/home/raphaelpeabody/r/simulation_ws/src/snap/src/nodes/esc_interface_node.cpp:110:37:[m[K [01;35m[Kwarning: [m[Kno return statement in function returning non-void [[01;35m[K-Wreturn-type[m[K]
  110 |     bool disarm() { srvcall(false); [01;35m[K}[m[K
      |                                     [01;35m[K^[m[K
[ 23%] [32m[1mLinking CXX shared library libadaptnotch.so[0m
[ 23%] Built target adaptnotch
[35m[1mScanning dependencies of target snap[0m
[ 38%] [32mBuilding CXX object CMakeFiles/snap.dir/src/common/SnapdragonDebugPrint.cpp.o[0m
[ 38%] [32mBuilding CXX object CMakeFiles/snap.dir/src/utils/SnapdragonUtils.cpp.o[0m
[ 46%] [32mBuilding CXX object CMakeFiles/snap.dir/src/observer/SnapdragonObserverManager.cpp.o[0m
[ 53%] [32mBuilding CXX object CMakeFiles/snap.dir/src/control/SnapdragonControllerManager.cpp.o[0m
[ 61%] [32mBuilding CXX object CMakeFiles/snap.dir/src/esc/SnapdragonEscManager.cpp.o[0m
[01m[K/home/raphaelpeabody/r/simulation_ws/src/snap/src/common/SnapdragonDebugPrint.cpp:[m[K In function ‘[01m[Kint snapdragon_debug_print(SnapDebugPrintType, const char*, ...)[m[K’:
[01m[K/home/raphaelpeabody/r/simulation_ws/src/snap/src/common/SnapdragonDebugPrint.cpp:55:40:[m[K [01;35m[Kwarning: [m[Kformat ‘[01m[K%lld[m[K’ expects argument of type ‘[01m[Klong long int[m[K’, but argument 4 has type ‘[01m[Kstd::chrono::duration<long int, std::ratio<1, 1000000> >::rep[m[K’ {aka ‘[01m[Klong int[m[K’} [[01;35m[K-Wformat=[m[K]
   55 |     snprintf(header, HEADER_SIZE, "[[01;35m[K%lld[m[K] SNAP INFO: ",
      |                                     [01;35m[K~~~^[m[K
      |                                        [01;35m[K|[m[K
      |                                        [01;35m[Klong long int[m[K
      |                                     [32m[K%ld[m[K
   56 |       [32m[Kstd::chrono::duration_cast<std::chrono::microseconds>[m[K
      |       [32m[K~~~~~~~~~~~~~~~~~~~~~~~~~~~~~~~~~~~~~~~~~~~~~~~~~~~~~[m[K
   57 | [32m[K      ( std::chrono::steady_clock::now().time_since_epoch() ).count()[m[K );
      |       [32m[K~~~~~~~~~~~~~~~~~~~~~~~~~~~~~~~~~~~~~~~~~~~~~~~~~~~~~~~~~~~~~~~[m[K
      |                                                                    [32m[K|[m[K
      |                                                                    [32m[Kstd::chrono::duration<long int, std::ratio<1, 1000000> >::rep {aka long int}[m[K
[01m[K/home/raphaelpeabody/r/simulation_ws/src/snap/src/common/SnapdragonDebugPrint.cpp:62:40:[m[K [01;35m[Kwarning: [m[Kformat ‘[01m[K%lld[m[K’ expects argument of type ‘[01m[Klong long int[m[K’, but argument 4 has type ‘[01m[Kstd::chrono::duration<long int, std::ratio<1, 1000000> >::rep[m[K’ {aka ‘[01m[Klong int[m[K’} [[01;35m[K-Wformat=[m[K]
   62 |     snprintf(header, HEADER_SIZE, "[[01;35m[K%lld[m[K] SNAP ERROR: ",
      |                                     [01;35m[K~~~^[m[K
      |                                        [01;35m[K|[m[K
      |                                        [01;35m[Klong long int[m[K
      |                                     [32m[K%ld[m[K
   63 |             [32m[Kstd::chrono::duration_cast<std::chrono::microseconds>[m[K
      |             [32m[K~~~~~~~~~~~~~~~~~~~~~~~~~~~~~~~~~~~~~~~~~~~~~~~~~~~~~[m[K
   64 | [32m[K            ( std::chrono::steady_clock::now().time_since_epoch() ).count()[m[K );
      |             [32m[K~~~~~~~~~~~~~~~~~~~~~~~~~~~~~~~~~~~~~~~~~~~~~~~~~~~~~~~~~~~~~~~[m[K
      |                                                                          [32m[K|[m[K
      |                                                                          [32m[Kstd::chrono::duration<long int, std::ratio<1, 1000000> >::rep {aka long int}[m[K
[01m[K/home/raphaelpeabody/r/simulation_ws/src/snap/src/common/SnapdragonDebugPrint.cpp:69:40:[m[K [01;35m[Kwarning: [m[Kformat ‘[01m[K%lld[m[K’ expects argument of type ‘[01m[Klong long int[m[K’, but argument 4 has type ‘[01m[Kstd::chrono::duration<long int, std::ratio<1, 1000000> >::rep[m[K’ {aka ‘[01m[Klong int[m[K’} [[01;35m[K-Wformat=[m[K]
   69 |     snprintf(header, HEADER_SIZE, "[[01;35m[K%lld[m[K] SNAP WARNING: ",
      |                                     [01;35m[K~~~^[m[K
      |                                        [01;35m[K|[m[K
      |                                        [01;35m[Klong long int[m[K
      |                                     [32m[K%ld[m[K
   70 |             [32m[Kstd::chrono::duration_cast<std::chrono::microseconds>[m[K
      |             [32m[K~~~~~~~~~~~~~~~~~~~~~~~~~~~~~~~~~~~~~~~~~~~~~~~~~~~~~[m[K
   71 | [32m[K            ( std::chrono::steady_clock::now().time_since_epoch() ).count()[m[K );
      |             [32m[K~~~~~~~~~~~~~~~~~~~~~~~~~~~~~~~~~~~~~~~~~~~~~~~~~~~~~~~~~~~~~~~[m[K
      |                                                                          [32m[K|[m[K
      |                                                                          [32m[Kstd::chrono::duration<long int, std::ratio<1, 1000000> >::rep {aka long int}[m[K
[01m[K/home/raphaelpeabody/r/simulation_ws/src/snap/src/common/SnapdragonDebugPrint.cpp:76:40:[m[K [01;35m[Kwarning: [m[Kformat ‘[01m[K%lld[m[K’ expects argument of type ‘[01m[Klong long int[m[K’, but argument 4 has type ‘[01m[Kstd::chrono::duration<long int, std::ratio<1, 1000000> >::rep[m[K’ {aka ‘[01m[Klong int[m[K’} [[01;35m[K-Wformat=[m[K]
   76 |     snprintf(header, HEADER_SIZE, "[[01;35m[K%lld[m[K] SNAP: ",
      |                                     [01;35m[K~~~^[m[K
      |                                        [01;35m[K|[m[K
      |                                        [01;35m[Klong long int[m[K
      |                                     [32m[K%ld[m[K
   77 |             [32m[Kstd::chrono::duration_cast<std::chrono::microseconds>[m[K
      |             [32m[K~~~~~~~~~~~~~~~~~~~~~~~~~~~~~~~~~~~~~~~~~~~~~~~~~~~~~[m[K
   78 | [32m[K            ( std::chrono::steady_clock::now().time_since_epoch() ).count()[m[K );
      |             [32m[K~~~~~~~~~~~~~~~~~~~~~~~~~~~~~~~~~~~~~~~~~~~~~~~~~~~~~~~~~~~~~~~[m[K
      |                                                                          [32m[K|[m[K
      |                                                                          [32m[Kstd::chrono::duration<long int, std::ratio<1, 1000000> >::rep {aka long int}[m[K
[01m[K/home/raphaelpeabody/r/simulation_ws/src/snap/src/common/SnapdragonDebugPrint.cpp:83:48:[m[K [01;35m[Kwarning: [m[Kformat not a string literal and no format arguments [[01;35m[K-Wformat-security[m[K]
   83 |   fprintf(stream, strcat(combined_string, "\n")[01;35m[K)[m[K;
      |                                                [01;35m[K^[m[K
[ 69%] [32m[1mLinking CXX executable /home/raphaelpeabody/r/simulation_ws/devel/.private/snap/lib/snap/esc_interface[0m
[ 69%] Built target esc_interface_node
[ 76%] [32m[1mLinking CXX shared library /home/raphaelpeabody/r/simulation_ws/devel/.private/snap/lib/libsnap.so[0m
[ 76%] Built target snap
[35m[1mScanning dependencies of target snap_node[0m
[ 84%] [32mBuilding CXX object CMakeFiles/snap_node.dir/src/nodes/SnapdragonRosNode.cpp.o[0m
[ 92%] [32mBuilding CXX object CMakeFiles/snap_node.dir/src/nodes/SnapdragonRosNode_main.cpp.o[0m
[100%] [32m[1mLinking CXX executable /home/raphaelpeabody/r/simulation_ws/devel/.private/snap/lib/snap/snap[0m
[100%] Built target snap_node
