[  0%] Built target tf2_msgs_generate_messages_cpp
[  0%] Built target std_msgs_generate_messages_py
[  0%] Built target geometry_msgs_generate_messages_eus
[  0%] Built target actionlib_generate_messages_cpp
[  0%] Built target std_msgs_generate_messages_cpp
[  0%] Built target tf2_msgs_generate_messages_eus
[  0%] Built target roscpp_generate_messages_eus
[  0%] Built target actionlib_msgs_generate_messages_py
[  0%] Built target tf2_msgs_generate_messages_nodejs
[  0%] Built target std_srvs_generate_messages_cpp
[  0%] Built target roscpp_generate_messages_lisp
[  0%] Built target actionlib_generate_messages_lisp
[  0%] Built target std_msgs_generate_messages_lisp
[  0%] Built target rosgraph_msgs_generate_messages_nodejs
[  0%] Built target std_srvs_generate_messages_nodejs
[ 15%] Built target adaptnotch
[ 15%] Built target rosgraph_msgs_generate_messages_lisp
[ 15%] Built target rosgraph_msgs_generate_messages_py
[ 15%] Built target nav_msgs_generate_messages_nodejs
[ 15%] Built target roscpp_generate_messages_py
[ 15%] Built target actionlib_msgs_generate_messages_eus
[ 15%] Built target tf2_msgs_generate_messages_lisp
[ 15%] Built target geometry_msgs_generate_messages_py
[ 15%] Built target geometry_msgs_generate_messages_cpp
[ 15%] Built target tf2_msgs_generate_messages_py
[ 15%] Built target geometry_msgs_generate_messages_lisp
[ 15%] Built target snapstack_msgs_generate_messages_lisp
[ 15%] Built target roscpp_generate_messages_nodejs
[ 15%] Built target geometry_msgs_generate_messages_nodejs
[ 15%] Built target nav_msgs_generate_messages_py
[ 15%] Built target snapstack_msgs_generate_messages_nodejs
[ 15%] Built target std_srvs_generate_messages_py
[ 15%] Built target rosgraph_msgs_generate_messages_cpp
[ 15%] Built target rosgraph_msgs_generate_messages_eus
[ 15%] Built target actionlib_generate_messages_eus
[ 15%] Built target nav_msgs_generate_messages_cpp
[ 15%] Built target nav_msgs_generate_messages_eus
[ 15%] Built target std_msgs_generate_messages_eus
[ 15%] Built target actionlib_generate_messages_py
[ 15%] Built target std_srvs_generate_messages_lisp
[ 15%] Built target actionlib_msgs_generate_messages_nodejs
[ 15%] Built target std_srvs_generate_messages_eus
[ 15%] Built target roscpp_generate_messages_cpp
[ 15%] Built target actionlib_msgs_generate_messages_lisp
[ 15%] Built target actionlib_generate_messages_nodejs
[ 15%] Built target actionlib_msgs_generate_messages_cpp
[ 15%] Built target snapstack_msgs_generate_messages_eus
[ 15%] Built target snapstack_msgs_generate_messages_py
[ 15%] Built target snapstack_msgs_generate_messages_cpp
[ 15%] Built target std_msgs_generate_messages_nodejs
[ 15%] Built target nav_msgs_generate_messages_lisp
[ 61%] Built target snap
[ 76%] Built target esc_interface_node
[100%] Built target snap_node
